[HostelMS] Starting Auto-Sync to GitHub (every 30s)...
[main da65440] Auto-sync update: Sun Apr 19 20:37:11 IST 2026
 2 files changed, 16 insertions(+)
 create mode 100644 autosync.log
 create mode 100755 autosync.sh
To https://github.com/daman-04/Hotel_Management_System.git
   8588d74..da65440  main -> main
[HostelMS] Changes synced to GitHub at Sun Apr 19 20:37:13 IST 2026
[main 9ece8cd] Auto-sync update: Sun Apr 19 20:37:43 IST 2026
 1 file changed, 7 insertions(+)
To https://github.com/daman-04/Hotel_Management_System.git
   da65440..9ece8cd  main -> main
[HostelMS] Changes synced to GitHub at Sun Apr 19 20:37:44 IST 2026
[main e6cf80b] Auto-sync update: Sun Apr 19 20:38:14 IST 2026
 1 file changed, 5 insertions(+)
To https://github.com/daman-04/Hotel_Management_System.git
   9ece8cd..e6cf80b  main -> main
[HostelMS] Changes synced to GitHub at Sun Apr 19 20:38:15 IST 2026
[main 43cc9b5] Auto-sync update: Sun Apr 19 20:38:46 IST 2026
 1 file changed, 5 insertions(+)
To https://github.com/daman-04/Hotel_Management_System.git
   e6cf80b..43cc9b5  main -> main
[HostelMS] Changes synced to GitHub at Sun Apr 19 20:38:47 IST 2026
[main ffe38ba] Auto-sync update: Sun Apr 19 20:39:17 IST 2026
 1 file changed, 5 insertions(+)
To https://github.com/daman-04/Hotel_Management_System.git
   43cc9b5..ffe38ba  main -> main
[HostelMS] Changes synced to GitHub at Sun Apr 19 20:39:18 IST 2026
[main e5879dd] Auto-sync update: Sun Apr 19 20:39:48 IST 2026
 1 file changed, 5 insertions(+)
To https://github.com/daman-04/Hotel_Management_System.git
   ffe38ba..e5879dd  main -> main
[HostelMS] Changes synced to GitHub at Sun Apr 19 20:39:50 IST 2026
[main 875236d] Auto-sync update: Sun Apr 19 20:40:20 IST 2026
 1 file changed, 5 insertions(+)
To https://github.com/daman-04/Hotel_Management_System.git
   e5879dd..875236d  main -> main
[HostelMS] Changes synced to GitHub at Sun Apr 19 20:40:21 IST 2026
[main 4cb1682] Auto-sync update: Sun Apr 19 20:40:51 IST 2026
 1 file changed, 5 insertions(+)
To https://github.com/daman-04/Hotel_Management_System.git
   875236d..4cb1682  main -> main
[HostelMS] Changes synced to GitHub at Sun Apr 19 20:40:53 IST 2026
[main 66f4341] Auto-sync update: Sun Apr 19 20:41:23 IST 2026
 1 file changed, 5 insertions(+)
To https://github.com/daman-04/Hotel_Management_System.git
   4cb1682..66f4341  main -> main
[HostelMS] Changes synced to GitHub at Sun Apr 19 20:41:24 IST 2026
[main 00c38ab] Auto-sync update: Sun Apr 19 20:41:54 IST 2026
 1 file changed, 5 insertions(+)
To https://github.com/daman-04/Hotel_Management_System.git
   66f4341..00c38ab  main -> main
[HostelMS] Changes synced to GitHub at Sun Apr 19 20:41:56 IST 2026
[main 1d63716] Auto-sync update: Sun Apr 19 20:42:26 IST 2026
 1 file changed, 5 insertions(+)
To https://github.com/daman-04/Hotel_Management_System.git
   00c38ab..1d63716  main -> main
[HostelMS] Changes synced to GitHub at Sun Apr 19 20:42:27 IST 2026
[main 6fee429] Auto-sync update: Sun Apr 19 20:42:57 IST 2026
 1 file changed, 5 insertions(+)
To https://github.com/daman-04/Hotel_Management_System.git
   1d63716..6fee429  main -> main
[HostelMS] Changes synced to GitHub at Sun Apr 19 20:42:58 IST 2026
[main 4683feb] Auto-sync update: Sun Apr 19 20:43:28 IST 2026
 1 file changed, 5 insertions(+)
To https://github.com/daman-04/Hotel_Management_System.git
   6fee429..4683feb  main -> main
[HostelMS] Changes synced to GitHub at Sun Apr 19 20:43:30 IST 2026
[main 7caa764] Auto-sync update: Sun Apr 19 20:44:00 IST 2026
 1 file changed, 5 insertions(+)
To https://github.com/daman-04/Hotel_Management_System.git
   4683feb..7caa764  main -> main
[HostelMS] Changes synced to GitHub at Sun Apr 19 20:44:01 IST 2026
[main 96c1af2] Auto-sync update: Sun Apr 19 20:44:31 IST 2026
 1 file changed, 5 insertions(+)
To https://github.com/daman-04/Hotel_Management_System.git
   7caa764..96c1af2  main -> main
[HostelMS] Changes synced to GitHub at Sun Apr 19 20:44:33 IST 2026
[main fd68c08] Auto-sync update: Sun Apr 19 20:45:03 IST 2026
 1 file changed, 5 insertions(+)
To https://github.com/daman-04/Hotel_Management_System.git
   96c1af2..fd68c08  main -> main
[HostelMS] Changes synced to GitHub at Sun Apr 19 20:45:04 IST 2026
[main 96b1ea0] Auto-sync update: Sun Apr 19 20:45:35 IST 2026
 1 file changed, 5 insertions(+)
To https://github.com/daman-04/Hotel_Management_System.git
   fd68c08..96b1ea0  main -> main
[HostelMS] Changes synced to GitHub at Sun Apr 19 20:45:36 IST 2026
[main 1773940] Auto-sync update: Sun Apr 19 20:46:06 IST 2026
 1 file changed, 5 insertions(+)
To https://github.com/daman-04/Hotel_Management_System.git
   96b1ea0..1773940  main -> main
[HostelMS] Changes synced to GitHub at Sun Apr 19 20:46:07 IST 2026
[main 62c0952] Auto-sync update: Sun Apr 19 20:46:37 IST 2026
 1 file changed, 5 insertions(+)
To https://github.com/daman-04/Hotel_Management_System.git
   1773940..62c0952  main -> main
[HostelMS] Changes synced to GitHub at Sun Apr 19 20:46:39 IST 2026
[main 638d527] Auto-sync update: Sun Apr 19 20:47:09 IST 2026
 1 file changed, 5 insertions(+)
To https://github.com/daman-04/Hotel_Management_System.git
   62c0952..638d527  main -> main
[HostelMS] Changes synced to GitHub at Sun Apr 19 20:47:10 IST 2026
[main ab6342d] Auto-sync update: Sun Apr 19 20:47:40 IST 2026
 1 file changed, 5 insertions(+)
To https://github.com/daman-04/Hotel_Management_System.git
   638d527..ab6342d  main -> main
[HostelMS] Changes synced to GitHub at Sun Apr 19 20:47:42 IST 2026
[main e968c48] Auto-sync update: Sun Apr 19 20:48:12 IST 2026
 1 file changed, 5 insertions(+)
To https://github.com/daman-04/Hotel_Management_System.git
   ab6342d..e968c48  main -> main
[HostelMS] Changes synced to GitHub at Sun Apr 19 20:48:13 IST 2026
[main 2650937] Auto-sync update: Sun Apr 19 20:48:43 IST 2026
 1 file changed, 5 insertions(+)
To https://github.com/daman-04/Hotel_Management_System.git
   e968c48..2650937  main -> main
[HostelMS] Changes synced to GitHub at Sun Apr 19 20:48:44 IST 2026
[main 8842035] Auto-sync update: Sun Apr 19 20:49:14 IST 2026
 1 file changed, 5 insertions(+)
To https://github.com/daman-04/Hotel_Management_System.git
   2650937..8842035  main -> main
[HostelMS] Changes synced to GitHub at Sun Apr 19 20:49:16 IST 2026
[main 7b56b44] Auto-sync update: Sun Apr 19 20:49:46 IST 2026
 1 file changed, 5 insertions(+)
To https://github.com/daman-04/Hotel_Management_System.git
   8842035..7b56b44  main -> main
[HostelMS] Changes synced to GitHub at Sun Apr 19 20:49:47 IST 2026
[main 126f906] Auto-sync update: Sun Apr 19 20:50:17 IST 2026
 2 files changed, 8 insertions(+), 3 deletions(-)
To https://github.com/daman-04/Hotel_Management_System.git
   7b56b44..126f906  main -> main
[HostelMS] Changes synced to GitHub at Sun Apr 19 20:50:19 IST 2026
[main af161e6] Auto-sync update: Sun Apr 19 20:50:49 IST 2026
 1 file changed, 5 insertions(+)
To https://github.com/daman-04/Hotel_Management_System.git
   126f906..af161e6  main -> main
[HostelMS] Changes synced to GitHub at Sun Apr 19 20:50:50 IST 2026
[main 227c4e8] Auto-sync update: Sun Apr 19 20:51:20 IST 2026
 1 file changed, 5 insertions(+)
To https://github.com/daman-04/Hotel_Management_System.git
   af161e6..227c4e8  main -> main
[HostelMS] Changes synced to GitHub at Sun Apr 19 20:51:22 IST 2026
[main 57a77c5] Auto-sync update: Sun Apr 19 20:51:52 IST 2026
 1 file changed, 5 insertions(+)
To https://github.com/daman-04/Hotel_Management_System.git
   227c4e8..57a77c5  main -> main
[HostelMS] Changes synced to GitHub at Sun Apr 19 20:51:53 IST 2026
[main 02a3cd3] Auto-sync update: Sun Apr 19 20:52:23 IST 2026
 1 file changed, 5 insertions(+)
To https://github.com/daman-04/Hotel_Management_System.git
   57a77c5..02a3cd3  main -> main
[HostelMS] Changes synced to GitHub at Sun Apr 19 20:52:25 IST 2026
[main 4bc02e5] Auto-sync update: Sun Apr 19 20:52:55 IST 2026
 1 file changed, 5 insertions(+)
To https://github.com/daman-04/Hotel_Management_System.git
   02a3cd3..4bc02e5  main -> main
[HostelMS] Changes synced to GitHub at Sun Apr 19 20:52:56 IST 2026
[main 94bdda5] Auto-sync update: Sun Apr 19 20:53:26 IST 2026
 1 file changed, 5 insertions(+)
To https://github.com/daman-04/Hotel_Management_System.git
   4bc02e5..94bdda5  main -> main
[HostelMS] Changes synced to GitHub at Sun Apr 19 20:53:28 IST 2026
[main d33685e] Auto-sync update: Sun Apr 19 20:53:58 IST 2026
 2 files changed, 20 insertions(+)
 create mode 100644 vercel.json
To https://github.com/daman-04/Hotel_Management_System.git
   94bdda5..d33685e  main -> main
[HostelMS] Changes synced to GitHub at Sun Apr 19 20:53:59 IST 2026
[main 0390226] Auto-sync update: Sun Apr 19 20:54:29 IST 2026
 3 files changed, 48 insertions(+), 16 deletions(-)
To https://github.com/daman-04/Hotel_Management_System.git
   d33685e..0390226  main -> main
[HostelMS] Changes synced to GitHub at Sun Apr 19 20:54:30 IST 2026
[main 161ed3b] Auto-sync update: Sun Apr 19 20:55:00 IST 2026
 1 file changed, 5 insertions(+)
To https://github.com/daman-04/Hotel_Management_System.git
   0390226..161ed3b  main -> main
[HostelMS] Changes synced to GitHub at Sun Apr 19 20:55:02 IST 2026
[main 10d4704] Auto-sync update: Sun Apr 19 20:55:32 IST 2026
 1 file changed, 5 insertions(+)
To https://github.com/daman-04/Hotel_Management_System.git
   161ed3b..10d4704  main -> main
[HostelMS] Changes synced to GitHub at Sun Apr 19 20:55:35 IST 2026
[main 23d0907] Auto-sync update: Sun Apr 19 20:56:05 IST 2026
 1 file changed, 5 insertions(+)
To https://github.com/daman-04/Hotel_Management_System.git
   10d4704..23d0907  main -> main
[HostelMS] Changes synced to GitHub at Sun Apr 19 20:56:07 IST 2026
[main 936cd07] Auto-sync update: Sun Apr 19 20:56:37 IST 2026
 1 file changed, 5 insertions(+)
To https://github.com/daman-04/Hotel_Management_System.git
   23d0907..936cd07  main -> main
[HostelMS] Changes synced to GitHub at Sun Apr 19 20:56:39 IST 2026
[main 86a50d2] Auto-sync update: Sun Apr 19 20:57:09 IST 2026
 1 file changed, 5 insertions(+)
To https://github.com/daman-04/Hotel_Management_System.git
   936cd07..86a50d2  main -> main
[HostelMS] Changes synced to GitHub at Sun Apr 19 20:57:11 IST 2026
[main 7bd5905] Auto-sync update: Sun Apr 19 20:57:41 IST 2026
 1 file changed, 5 insertions(+)
To https://github.com/daman-04/Hotel_Management_System.git
   86a50d2..7bd5905  main -> main
[HostelMS] Changes synced to GitHub at Sun Apr 19 20:57:43 IST 2026
[main b5df159] Auto-sync update: Sun Apr 19 20:58:13 IST 2026
 1 file changed, 5 insertions(+)
To https://github.com/daman-04/Hotel_Management_System.git
   7bd5905..b5df159  main -> main
[HostelMS] Changes synced to GitHub at Sun Apr 19 20:58:14 IST 2026
[main 91f2b27] Auto-sync update: Sun Apr 19 20:58:44 IST 2026
 2 files changed, 7 insertions(+)
To https://github.com/daman-04/Hotel_Management_System.git
   b5df159..91f2b27  main -> main
[HostelMS] Changes synced to GitHub at Sun Apr 19 20:58:46 IST 2026
[main 5484ef3] Auto-sync update: Sun Apr 19 20:59:16 IST 2026
 1 file changed, 5 insertions(+)
To https://github.com/daman-04/Hotel_Management_System.git
   91f2b27..5484ef3  main -> main
[HostelMS] Changes synced to GitHub at Sun Apr 19 20:59:18 IST 2026
[main c411b4b] Auto-sync update: Sun Apr 19 20:59:48 IST 2026
 1 file changed, 5 insertions(+)
To https://github.com/daman-04/Hotel_Management_System.git
   5484ef3..c411b4b  main -> main
[HostelMS] Changes synced to GitHub at Sun Apr 19 20:59:50 IST 2026
[main f34a3ea] Auto-sync update: Sun Apr 19 21:00:20 IST 2026
 1 file changed, 5 insertions(+)
To https://github.com/daman-04/Hotel_Management_System.git
   c411b4b..f34a3ea  main -> main
[HostelMS] Changes synced to GitHub at Sun Apr 19 21:00:21 IST 2026
[main c4e4fd7] Auto-sync update: Sun Apr 19 21:00:51 IST 2026
 1 file changed, 5 insertions(+)
To https://github.com/daman-04/Hotel_Management_System.git
   f34a3ea..c4e4fd7  main -> main
[HostelMS] Changes synced to GitHub at Sun Apr 19 21:00:52 IST 2026
[main 04f446d] Auto-sync update: Sun Apr 19 21:01:22 IST 2026
 1 file changed, 5 insertions(+)
To https://github.com/daman-04/Hotel_Management_System.git
   c4e4fd7..04f446d  main -> main
[HostelMS] Changes synced to GitHub at Sun Apr 19 21:01:24 IST 2026
[main 6e7570c] Auto-sync update: Sun Apr 19 21:01:54 IST 2026
 1 file changed, 5 insertions(+)
To https://github.com/daman-04/Hotel_Management_System.git
   04f446d..6e7570c  main -> main
[HostelMS] Changes synced to GitHub at Sun Apr 19 21:01:55 IST 2026
[main 18ae572] Auto-sync update: Sun Apr 19 21:02:25 IST 2026
 1 file changed, 5 insertions(+)
To https://github.com/daman-04/Hotel_Management_System.git
   6e7570c..18ae572  main -> main
[HostelMS] Changes synced to GitHub at Sun Apr 19 21:02:27 IST 2026
[main 8369c93] Auto-sync update: Sun Apr 19 21:02:57 IST 2026
 1 file changed, 5 insertions(+)
To https://github.com/daman-04/Hotel_Management_System.git
   18ae572..8369c93  main -> main
[HostelMS] Changes synced to GitHub at Sun Apr 19 21:02:59 IST 2026
[main 0a48f1e] Auto-sync update: Sun Apr 19 21:03:29 IST 2026
 1 file changed, 5 insertions(+)
To https://github.com/daman-04/Hotel_Management_System.git
   8369c93..0a48f1e  main -> main
[HostelMS] Changes synced to GitHub at Sun Apr 19 21:03:32 IST 2026
[main a42848c] Auto-sync update: Sun Apr 19 21:04:02 IST 2026
 1 file changed, 5 insertions(+)
To https://github.com/daman-04/Hotel_Management_System.git
   0a48f1e..a42848c  main -> main
[HostelMS] Changes synced to GitHub at Sun Apr 19 21:04:04 IST 2026
[main 8bcb121] Auto-sync update: Sun Apr 19 21:04:34 IST 2026
 1 file changed, 5 insertions(+)
To https://github.com/daman-04/Hotel_Management_System.git
   a42848c..8bcb121  main -> main
[HostelMS] Changes synced to GitHub at Sun Apr 19 21:04:36 IST 2026
[main a836503] Auto-sync update: Sun Apr 19 21:05:06 IST 2026
 1 file changed, 5 insertions(+)
To https://github.com/daman-04/Hotel_Management_System.git
   8bcb121..a836503  main -> main
[HostelMS] Changes synced to GitHub at Sun Apr 19 21:05:18 IST 2026
[main 208db58] Auto-sync update: Sun Apr 19 21:05:49 IST 2026
 1 file changed, 5 insertions(+)
To https://github.com/daman-04/Hotel_Management_System.git
   a836503..208db58  main -> main
[HostelMS] Changes synced to GitHub at Sun Apr 19 21:05:50 IST 2026
[main 588a3c4] Auto-sync update: Sun Apr 19 21:06:20 IST 2026
 1 file changed, 5 insertions(+)
To https://github.com/daman-04/Hotel_Management_System.git
   208db58..588a3c4  main -> main
[HostelMS] Changes synced to GitHub at Sun Apr 19 21:06:21 IST 2026
[main 9c3c437] Auto-sync update: Sun Apr 19 21:06:51 IST 2026
 1 file changed, 5 insertions(+)
To https://github.com/daman-04/Hotel_Management_System.git
   588a3c4..9c3c437  main -> main
[HostelMS] Changes synced to GitHub at Sun Apr 19 21:06:54 IST 2026
[main b3a3567] Auto-sync update: Sun Apr 19 21:07:25 IST 2026
 1 file changed, 5 insertions(+)
To https://github.com/daman-04/Hotel_Management_System.git
   9c3c437..b3a3567  main -> main
[HostelMS] Changes synced to GitHub at Sun Apr 19 21:07:26 IST 2026
[main 267e300] Auto-sync update: Sun Apr 19 21:07:56 IST 2026
 2 files changed, 5 insertions(+)
 create mode 100644 vercel_logs.txt
To https://github.com/daman-04/Hotel_Management_System.git
   b3a3567..267e300  main -> main
[HostelMS] Changes synced to GitHub at Sun Apr 19 21:07:57 IST 2026
[main c620470] Auto-sync update: Sun Apr 19 21:08:27 IST 2026
 1 file changed, 6 insertions(+)
To https://github.com/daman-04/Hotel_Management_System.git
   267e300..c620470  main -> main
[HostelMS] Changes synced to GitHub at Sun Apr 19 21:08:29 IST 2026
[main 2f0c625] Auto-sync update: Sun Apr 19 21:08:59 IST 2026
 1 file changed, 5 insertions(+)
To https://github.com/daman-04/Hotel_Management_System.git
   c620470..2f0c625  main -> main
[HostelMS] Changes synced to GitHub at Sun Apr 19 21:09:00 IST 2026
[main 48ee644] Auto-sync update: Sun Apr 19 21:09:30 IST 2026
 1 file changed, 5 insertions(+)
To https://github.com/daman-04/Hotel_Management_System.git
   2f0c625..48ee644  main -> main
[HostelMS] Changes synced to GitHub at Sun Apr 19 21:09:32 IST 2026
[main 20a401a] Auto-sync update: Sun Apr 19 21:10:02 IST 2026
 1 file changed, 5 insertions(+)
To https://github.com/daman-04/Hotel_Management_System.git
   48ee644..20a401a  main -> main
[HostelMS] Changes synced to GitHub at Sun Apr 19 21:10:03 IST 2026
[main e263ea2] Auto-sync update: Sun Apr 19 21:10:33 IST 2026
 2 files changed, 14 insertions(+), 3 deletions(-)
To https://github.com/daman-04/Hotel_Management_System.git
   20a401a..e263ea2  main -> main
[HostelMS] Changes synced to GitHub at Sun Apr 19 21:10:35 IST 2026
[main cba1b3c] Auto-sync update: Sun Apr 19 21:11:05 IST 2026
 2 files changed, 96 insertions(+), 23 deletions(-)
To https://github.com/daman-04/Hotel_Management_System.git
   e263ea2..cba1b3c  main -> main
[HostelMS] Changes synced to GitHub at Sun Apr 19 21:11:06 IST 2026
[main f20bfc4] Auto-sync update: Sun Apr 19 21:11:36 IST 2026
 1 file changed, 5 insertions(+)
To https://github.com/daman-04/Hotel_Management_System.git
   cba1b3c..f20bfc4  main -> main
[HostelMS] Changes synced to GitHub at Sun Apr 19 21:11:38 IST 2026
[main a4d2573] Auto-sync update: Sun Apr 19 21:12:08 IST 2026
 2 files changed, 6 insertions(+), 1 deletion(-)
To https://github.com/daman-04/Hotel_Management_System.git
   f20bfc4..a4d2573  main -> main
[HostelMS] Changes synced to GitHub at Sun Apr 19 21:12:09 IST 2026
[main a70b10a] Auto-sync update: Sun Apr 19 21:12:39 IST 2026
 1 file changed, 5 insertions(+)
To https://github.com/daman-04/Hotel_Management_System.git
   a4d2573..a70b10a  main -> main
[HostelMS] Changes synced to GitHub at Sun Apr 19 21:12:41 IST 2026
[main 9a27b05] Auto-sync update: Sun Apr 19 21:13:11 IST 2026
 1 file changed, 5 insertions(+)
To https://github.com/daman-04/Hotel_Management_System.git
   a70b10a..9a27b05  main -> main
[HostelMS] Changes synced to GitHub at Sun Apr 19 21:13:12 IST 2026
[main c5d5f3b] Auto-sync update: Sun Apr 19 21:13:42 IST 2026
 3 files changed, 29 insertions(+), 100 deletions(-)
To https://github.com/daman-04/Hotel_Management_System.git
   9a27b05..c5d5f3b  main -> main
[HostelMS] Changes synced to GitHub at Sun Apr 19 21:13:44 IST 2026
[main 7b0eae3] Auto-sync update: Sun Apr 19 21:14:14 IST 2026
 2 files changed, 11 insertions(+)
To https://github.com/daman-04/Hotel_Management_System.git
   c5d5f3b..7b0eae3  main -> main
[HostelMS] Changes synced to GitHub at Sun Apr 19 21:14:15 IST 2026
[main 954b4fd] Auto-sync update: Sun Apr 19 21:14:45 IST 2026
 2 files changed, 49 insertions(+)
To https://github.com/daman-04/Hotel_Management_System.git
   7b0eae3..954b4fd  main -> main
[HostelMS] Changes synced to GitHub at Sun Apr 19 21:14:47 IST 2026
[main d6ffb9e] Auto-sync update: Sun Apr 19 21:15:17 IST 2026
 1 file changed, 5 insertions(+)
To https://github.com/daman-04/Hotel_Management_System.git
   954b4fd..d6ffb9e  main -> main
[HostelMS] Changes synced to GitHub at Sun Apr 19 21:15:18 IST 2026
[main 019ba5e] Auto-sync update: Sun Apr 19 21:15:48 IST 2026
 1 file changed, 5 insertions(+)
To https://github.com/daman-04/Hotel_Management_System.git
   d6ffb9e..019ba5e  main -> main
[HostelMS] Changes synced to GitHub at Sun Apr 19 21:15:49 IST 2026
[main d377ee6] Auto-sync update: Sun Apr 19 21:16:19 IST 2026
 1 file changed, 5 insertions(+)
To https://github.com/daman-04/Hotel_Management_System.git
   019ba5e..d377ee6  main -> main
[HostelMS] Changes synced to GitHub at Sun Apr 19 21:16:21 IST 2026
[main 45f32b6] Auto-sync update: Sun Apr 19 21:16:51 IST 2026
 1 file changed, 5 insertions(+)
To https://github.com/daman-04/Hotel_Management_System.git
   d377ee6..45f32b6  main -> main
[HostelMS] Changes synced to GitHub at Sun Apr 19 21:16:52 IST 2026
[main e64fa94] Auto-sync update: Sun Apr 19 21:17:22 IST 2026
 1 file changed, 5 insertions(+)
To https://github.com/daman-04/Hotel_Management_System.git
   45f32b6..e64fa94  main -> main
[HostelMS] Changes synced to GitHub at Sun Apr 19 21:17:24 IST 2026
[main 32fe644] Auto-sync update: Sun Apr 19 21:17:54 IST 2026
 1 file changed, 5 insertions(+)
To https://github.com/daman-04/Hotel_Management_System.git
   e64fa94..32fe644  main -> main
[HostelMS] Changes synced to GitHub at Sun Apr 19 21:17:55 IST 2026
[main 1076850] Auto-sync update: Sun Apr 19 21:18:25 IST 2026
 1 file changed, 5 insertions(+)
To https://github.com/daman-04/Hotel_Management_System.git
   32fe644..1076850  main -> main
[HostelMS] Changes synced to GitHub at Sun Apr 19 21:18:27 IST 2026
[main 99979e5] Auto-sync update: Sun Apr 19 21:18:57 IST 2026
 1 file changed, 5 insertions(+)
To https://github.com/daman-04/Hotel_Management_System.git
   1076850..99979e5  main -> main
[HostelMS] Changes synced to GitHub at Sun Apr 19 21:18:58 IST 2026
[main fd922e4] Auto-sync update: Sun Apr 19 21:19:28 IST 2026
 1 file changed, 5 insertions(+)
To https://github.com/daman-04/Hotel_Management_System.git
   99979e5..fd922e4  main -> main
[HostelMS] Changes synced to GitHub at Sun Apr 19 21:19:29 IST 2026
[main 82c25b3] Auto-sync update: Sun Apr 19 21:19:59 IST 2026
 1 file changed, 5 insertions(+)
To https://github.com/daman-04/Hotel_Management_System.git
   fd922e4..82c25b3  main -> main
[HostelMS] Changes synced to GitHub at Sun Apr 19 21:20:01 IST 2026
[main ff5e985] Auto-sync update: Sun Apr 19 21:20:31 IST 2026
 1 file changed, 5 insertions(+)
To https://github.com/daman-04/Hotel_Management_System.git
   82c25b3..ff5e985  main -> main
[HostelMS] Changes synced to GitHub at Sun Apr 19 21:20:32 IST 2026
[main 56c1cff] Auto-sync update: Sun Apr 19 21:21:02 IST 2026
 1 file changed, 5 insertions(+)
To https://github.com/daman-04/Hotel_Management_System.git
   ff5e985..56c1cff  main -> main
[HostelMS] Changes synced to GitHub at Sun Apr 19 21:21:04 IST 2026
[main 882c344] Auto-sync update: Sun Apr 19 21:21:34 IST 2026
 1 file changed, 5 insertions(+)
To https://github.com/daman-04/Hotel_Management_System.git
   56c1cff..882c344  main -> main
[HostelMS] Changes synced to GitHub at Sun Apr 19 21:21:35 IST 2026
[main 27e105d] Auto-sync update: Sun Apr 19 21:22:05 IST 2026
 1 file changed, 5 insertions(+)
To https://github.com/daman-04/Hotel_Management_System.git
   882c344..27e105d  main -> main
[HostelMS] Changes synced to GitHub at Sun Apr 19 21:22:06 IST 2026
[main 1f4292a] Auto-sync update: Sun Apr 19 21:22:36 IST 2026
 1 file changed, 5 insertions(+)
To https://github.com/daman-04/Hotel_Management_System.git
   27e105d..1f4292a  main -> main
[HostelMS] Changes synced to GitHub at Sun Apr 19 21:22:38 IST 2026
[main 7acabef] Auto-sync update: Sun Apr 19 21:23:08 IST 2026
 1 file changed, 5 insertions(+)
To https://github.com/daman-04/Hotel_Management_System.git
   1f4292a..7acabef  main -> main
[HostelMS] Changes synced to GitHub at Sun Apr 19 21:23:09 IST 2026
[main d80fa6e] Auto-sync update: Sun Apr 19 21:23:39 IST 2026
 1 file changed, 5 insertions(+)
To https://github.com/daman-04/Hotel_Management_System.git
   7acabef..d80fa6e  main -> main
[HostelMS] Changes synced to GitHub at Sun Apr 19 21:23:40 IST 2026
[main 66a0f88] Auto-sync update: Sun Apr 19 21:24:10 IST 2026
 1 file changed, 5 insertions(+)
To https://github.com/daman-04/Hotel_Management_System.git
   d80fa6e..66a0f88  main -> main
[HostelMS] Changes synced to GitHub at Sun Apr 19 21:24:12 IST 2026
[main 5567f45] Auto-sync update: Sun Apr 19 21:24:42 IST 2026
 1 file changed, 5 insertions(+)
To https://github.com/daman-04/Hotel_Management_System.git
   66a0f88..5567f45  main -> main
[HostelMS] Changes synced to GitHub at Sun Apr 19 21:24:43 IST 2026
[main f05e041] Auto-sync update: Sun Apr 19 21:25:13 IST 2026
 1 file changed, 5 insertions(+)
To https://github.com/daman-04/Hotel_Management_System.git
   5567f45..f05e041  main -> main
[HostelMS] Changes synced to GitHub at Sun Apr 19 21:25:14 IST 2026
[main 01df260] Auto-sync update: Sun Apr 19 21:25:44 IST 2026
 1 file changed, 5 insertions(+)
To https://github.com/daman-04/Hotel_Management_System.git
   f05e041..01df260  main -> main
[HostelMS] Changes synced to GitHub at Sun Apr 19 21:25:46 IST 2026
[main 3f83552] Auto-sync update: Sun Apr 19 21:26:16 IST 2026
 1 file changed, 5 insertions(+)
To https://github.com/daman-04/Hotel_Management_System.git
   01df260..3f83552  main -> main
[HostelMS] Changes synced to GitHub at Sun Apr 19 21:26:17 IST 2026
[main aa7df87] Auto-sync update: Sun Apr 19 21:26:47 IST 2026
 1 file changed, 5 insertions(+)
To https://github.com/daman-04/Hotel_Management_System.git
   3f83552..aa7df87  main -> main
[HostelMS] Changes synced to GitHub at Sun Apr 19 21:26:49 IST 2026
[main 859e955] Auto-sync update: Sun Apr 19 21:27:19 IST 2026
 1 file changed, 5 insertions(+)
To https://github.com/daman-04/Hotel_Management_System.git
   aa7df87..859e955  main -> main
[HostelMS] Changes synced to GitHub at Sun Apr 19 21:27:20 IST 2026
[main 068e90a] Auto-sync update: Sun Apr 19 21:27:51 IST 2026
 1 file changed, 5 insertions(+)
To https://github.com/daman-04/Hotel_Management_System.git
   859e955..068e90a  main -> main
[HostelMS] Changes synced to GitHub at Sun Apr 19 21:27:52 IST 2026
[main 8c49f04] Auto-sync update: Sun Apr 19 21:28:22 IST 2026
 1 file changed, 5 insertions(+)
To https://github.com/daman-04/Hotel_Management_System.git
   068e90a..8c49f04  main -> main
[HostelMS] Changes synced to GitHub at Sun Apr 19 21:28:24 IST 2026
[main 5080e10] Auto-sync update: Sun Apr 19 21:28:54 IST 2026
 1 file changed, 5 insertions(+)
To https://github.com/daman-04/Hotel_Management_System.git
   8c49f04..5080e10  main -> main
[HostelMS] Changes synced to GitHub at Sun Apr 19 21:28:55 IST 2026
[main 979071a] Auto-sync update: Sun Apr 19 21:29:25 IST 2026
 1 file changed, 5 insertions(+)
To https://github.com/daman-04/Hotel_Management_System.git
   5080e10..979071a  main -> main
[HostelMS] Changes synced to GitHub at Sun Apr 19 21:29:27 IST 2026
[main 4e35539] Auto-sync update: Sun Apr 19 21:29:57 IST 2026
 1 file changed, 5 insertions(+)
To https://github.com/daman-04/Hotel_Management_System.git
   979071a..4e35539  main -> main
[HostelMS] Changes synced to GitHub at Sun Apr 19 21:29:58 IST 2026
[main b0f55dd] Auto-sync update: Sun Apr 19 21:30:28 IST 2026
 1 file changed, 5 insertions(+)
To https://github.com/daman-04/Hotel_Management_System.git
   4e35539..b0f55dd  main -> main
[HostelMS] Changes synced to GitHub at Sun Apr 19 21:30:29 IST 2026
[main 3838f45] Auto-sync update: Sun Apr 19 21:31:00 IST 2026
 1 file changed, 5 insertions(+)
To https://github.com/daman-04/Hotel_Management_System.git
   b0f55dd..3838f45  main -> main
[HostelMS] Changes synced to GitHub at Sun Apr 19 21:31:01 IST 2026
[main c6c2860] Auto-sync update: Sun Apr 19 21:31:31 IST 2026
 1 file changed, 5 insertions(+)
To https://github.com/daman-04/Hotel_Management_System.git
   3838f45..c6c2860  main -> main
[HostelMS] Changes synced to GitHub at Sun Apr 19 21:31:33 IST 2026
[main 476b3bf] Auto-sync update: Sun Apr 19 21:32:03 IST 2026
 1 file changed, 5 insertions(+)
To https://github.com/daman-04/Hotel_Management_System.git
   c6c2860..476b3bf  main -> main
[HostelMS] Changes synced to GitHub at Sun Apr 19 21:32:04 IST 2026
[main d61222e] Auto-sync update: Sun Apr 19 21:32:34 IST 2026
 1 file changed, 5 insertions(+)
To https://github.com/daman-04/Hotel_Management_System.git
   476b3bf..d61222e  main -> main
[HostelMS] Changes synced to GitHub at Sun Apr 19 21:32:35 IST 2026
[main c7be10b] Auto-sync update: Sun Apr 19 21:33:05 IST 2026
 1 file changed, 5 insertions(+)
To https://github.com/daman-04/Hotel_Management_System.git
   d61222e..c7be10b  main -> main
[HostelMS] Changes synced to GitHub at Sun Apr 19 21:33:07 IST 2026
[main 7ea19d7] Auto-sync update: Sun Apr 19 21:33:37 IST 2026
 1 file changed, 5 insertions(+)
To https://github.com/daman-04/Hotel_Management_System.git
   c7be10b..7ea19d7  main -> main
[HostelMS] Changes synced to GitHub at Sun Apr 19 21:33:38 IST 2026
[main a9111be] Auto-sync update: Sun Apr 19 21:34:08 IST 2026
 1 file changed, 5 insertions(+)
To https://github.com/daman-04/Hotel_Management_System.git
   7ea19d7..a9111be  main -> main
[HostelMS] Changes synced to GitHub at Sun Apr 19 21:34:10 IST 2026
[main d7703dd] Auto-sync update: Sun Apr 19 21:34:40 IST 2026
 1 file changed, 5 insertions(+)
To https://github.com/daman-04/Hotel_Management_System.git
   a9111be..d7703dd  main -> main
[HostelMS] Changes synced to GitHub at Sun Apr 19 21:34:42 IST 2026
[main 075e255] Auto-sync update: Sun Apr 19 21:35:12 IST 2026
 1 file changed, 5 insertions(+)
To https://github.com/daman-04/Hotel_Management_System.git
   d7703dd..075e255  main -> main
[HostelMS] Changes synced to GitHub at Sun Apr 19 21:35:14 IST 2026
